<?xml version="1.0" encoding="UTF-8"?>
<testsuite xmlns:xsi="http://www.w3.org/2001/XMLSchema-instance" xsi:noNamespaceSchemaLocation="https://maven.apache.org/surefire/maven-surefire-plugin/xsd/surefire-test-report.xsd" name="com.examly.springapp.SpringappApplicationTests" time="4.476" tests="16" errors="0" skipped="0" failures="0">
  <properties>
[...]
</properties>
  <testcase name="backend_testGetAllloans" classname="com.examly.springapp.SpringappApplicationTests" time="0.303"/>
  <testcase name="backend_testGetFeedBackAll" classname="com.examly.springapp.SpringappApplicationTests" time="0.075"/>
  <testcase name="backend_testAuthControllerClassExists" classname="com.examly.springapp.SpringappApplicationTests" time="0.001"/>
  <testcase name="backend_testFeedbackControllerClassExists" classname="com.examly.springapp.SpringappApplicationTests" time="0"/>
  <testcase name="backend_testFeedbackHasManyToOneAnnotation" classname="com.examly.springapp.SpringappApplicationTests" time="0"/>
  <testcase name="backend_testUserModelClassExists" classname="com.examly.springapp.SpringappApplicationTests" time="0"/>
  <testcase name="backend_testLoanApplicationHasManyToManyAnnotation" classname="com.examly.springapp.SpringappApplicationTests" time="0.002"/>
  <testcase name="backend_testLoanControllerClassExists" classname="com.examly.springapp.SpringappApplicationTests" time="0.003"/>
  <testcase name="backend_testFeebackRepoExists" classname="com.examly.springapp.SpringappApplicationTests" time="0.002"/>
  <testcase name="backend_testLoanApplicationInterfaceAndImplementation" classname="com.examly.springapp.SpringappApplicationTests" time="0.005"/>
  <testcase name="backend_testLoanModelClassExists" classname="com.examly.springapp.SpringappApplicationTests" time="0.002"/>
  <testcase name="backend_testLoanApplicationControllerClassExists" classname="com.examly.springapp.SpringappApplicationTests" time="0.002"/>
  <testcase name="backend_testLoanApplicationModelClassExists" classname="com.examly.springapp.SpringappApplicationTests" time="0.002"/>
  <testcase name="backend_testLoanInterfaceAndImplementation" classname="com.examly.springapp.SpringappApplicationTests" time="0.003"/>
  <testcase name="backend_testLoanRepoExists" classname="com.examly.springapp.SpringappApplicationTests" time="0.002"/>
  <testcase name="backend_testFeedbackModelClassExists" classname="com.examly.springapp.SpringappApplicationTests" time="0.002"/>
</testsuite>